<?xml version="1.0" encoding="UTF-8"?>
<testsuite name="model.picture.ShapeImplTest" tests="4" skipped="0" failures="0" errors="0" timestamp="2021-10-19T15:39:54" hostname="Austens-MacBook-Pro.local" time="0.014">
  <properties/>
  <testcase name="A drag from upper right to lower left should swap end for start" classname="model.picture.ShapeImplTest" time="0.007"/>
  <testcase name="A drag from lower right to upper left should swap end for start" classname="model.picture.ShapeImplTest" time="0.002"/>
  <testcase name="A drag from upper left to lower right should leave start point unchanged" classname="model.picture.ShapeImplTest" time="0.001"/>
  <testcase name="A drag from upper right to lower left should swap end for start" classname="model.picture.ShapeImplTest" time="0.001"/>
  <system-out><![CDATA[]]></system-out>
  <system-err><![CDATA[]]></system-err>
</testsuite>
